<?xml version="1.0" encoding="UTF-8"?>
<Site BuildName="(empty)"
	BuildStamp="20260714-2336-Experimental"
	Name="(empty)"
	Generator="ctest-3.20.21032501-MSVC_2"
	CompilerName=""
	CompilerVersion=""
	OSName="Windows"
	Hostname="DMCLT60G7DK3"
	OSRelease=" Professional"
	OSVersion=" (Build 26100)"
	OSPlatform="AMD64"
	Is64Bits="1"
	VendorString="GenuineIntel"
	VendorID="Intel Corporation"
	FamilyID="6"
	ModelID="10"
	ProcessorCacheSize="-1"
	NumberOfLogicalCPU="20"
	NumberOfPhysicalCPU="14"
	TotalVirtualMemory="37303"
	TotalPhysicalMemory="32439"
	LogicalProcessorsPerPhysical="1"
	ProcessorClockFrequency="2803"
	>
	<Testing>
		<StartDateTime>Jul 14 19:37 Eastern Daylight Time</StartDateTime>
		<StartTestTime>1784072262</StartTestTime>
		<TestList>
			<Test>./ThermalController.SafeModeCommandsFullCooling</Test>
		</TestList>
		<Test Status="passed">
			<Name>ThermalController.SafeModeCommandsFullCooling</Name>
			<Path>.</Path>
			<FullName>./ThermalController.SafeModeCommandsFullCooling</FullName>
			<FullCommandLine>C:\Users\SingurK\Documents\Data\Personal\Apps\git_repo\EV_Battery_Thermal_Management_Controller\build\Debug\thermal_tests.exe "--gtest_filter=ThermalController.SafeModeCommandsFullCooling" "--gtest_also_run_disabled_tests"</FullCommandLine>
			<Results>
				<NamedMeasurement type="numeric/double" name="Execution Time">
					<Value>0.0511383</Value>
				</NamedMeasurement>
				<NamedMeasurement type="numeric/double" name="Processors">
					<Value>1</Value>
				</NamedMeasurement>
				<NamedMeasurement type="text/string" name="Completion Status">
					<Value>Completed</Value>
				</NamedMeasurement>
				<NamedMeasurement type="text/string" name="Command Line">
					<Value>C:\Users\SingurK\Documents\Data\Personal\Apps\git_repo\EV_Battery_Thermal_Management_Controller\build\Debug\thermal_tests.exe "--gtest_filter=ThermalController.SafeModeCommandsFullCooling" "--gtest_also_run_disabled_tests"</Value>
				</NamedMeasurement>
				<NamedMeasurement type="text/string" name="Environment">
					<Value>#CTEST_RESOURCE_GROUP_COUNT=</Value>
				</NamedMeasurement>
				<Measurement>
					<Value encoding="base64" compression="gzip">eJyVUMFuwjAMvfcrfIRDq+2KxIEB44BgiMIuBEWhdbtIaVwl7qb9/ZoWMdg0afhk6/n5+b1tY622JVRK28EQCkcVTEdi79F5kbZI45ZiRllToWUvZoqV2LQYWWXEpK69KDVLhzWJ+at8UszoPuXuDV2ljFwpq0oMVDkly46MQSdOjTa5kDkGNlFpkNFz7F12NYpuDJ0MvyVZFq2JcQSLbgV2LQKFNq0ejOEs+C2SpKrAFeU4papSNvfPjWlhMq2l6DC+1BG25wQegbuTIYFz7xvNmESH+FJHWBg6KdPjaN+1Ixv8gUeOm/rH8vXNXy9GB9ju19DV8V4HPQ1elvdSYfAAlR/e8WfPACZWZhj9Lw1G5eKcPuxt1n9lDE7Z5FandbiZpOl8FsLpd5PoCxXt6kU=</Value>
				</Measurement>
			</Results>
		</Test>
		<EndDateTime>Jul 14 19:37 Eastern Daylight Time</EndDateTime>
		<EndTestTime>1784072262</EndTestTime>
		<ElapsedMinutes>0</ElapsedMinutes>
	</Testing>
</Site>
